# JRE version: Java(TM) SE Runtime Environment (8.0-b132) (build 1.8.0-b132)
# Java VM: Java HotSpot(TM) 64-Bit Server VM (25.0-b70 mixed mode bsd-amd64 compressed oops)
Heap:
 PSYoungGen      total 20992K, used 3895K [0x000000076ab00000, 0x000000076c180000, 0x00000007c0000000)
  eden space 18944K, 12% used [0x000000076ab00000,0x000000076ad621f8,0x000000076bd80000)
  from space 2048K, 71% used [0x000000076bf80000,0x000000076c0ebb28,0x000000076c180000)
  to   space 2048K, 0% used [0x000000076bd80000,0x000000076bd80000,0x000000076bf80000)
 ParOldGen       total 260608K, used 2541K [0x00000006c0000000, 0x00000006cfe80000, 0x000000076ab00000)
  object space 260608K, 0% used [0x00000006c0000000,0x00000006c027b610,0x00000006cfe80000)
 Metaspace       used 10602K, capacity 10706K, committed 10752K, reserved 1058816K
  class space    used 1219K, capacity 1234K, committed 1280K, reserved 1048576K
GC Heap History (10 events):
Event: 2.793 GC heap before
{Heap before GC invocations=8 (full 0):
 PSYoungGen      total 5120K, used 4723K [0x000000076ab00000, 0x000000076b500000, 0x00000007c0000000)
  eden space 3584K, 100% used [0x000000076ab00000,0x000000076ae80000,0x000000076ae80000)
  from space 1536K, 74% used [0x000000076ae80000,0x000000076af9cc40,0x000000076b000000)
  to   space 1536K, 0% used [0x000000076b380000,0x000000076b380000,0x000000076b500000)
 ParOldGen       total 260608K, used 1101K [0x00000006c0000000, 0x00000006cfe80000, 0x000000076ab00000)
  object space 260608K, 0% used [0x00000006c0000000,0x00000006c0113718,0x00000006cfe80000)
 Metaspace       used 6147K, capacity 6390K, committed 6656K, reserved 1056768K
  class space    used 622K, capacity 656K, committed 768K, reserved 1048576K
Event: 2.795 GC heap after
Heap after GC invocations=8 (full 0):
 PSYoungGen      total 8704K, used 950K [0x000000076ab00000, 0x000000076b500000, 0x00000007c0000000)
  eden space 7168K, 0% used [0x000000076ab00000,0x000000076ab00000,0x000000076b200000)
  from space 1536K, 61% used [0x000000076b380000,0x000000076b46da60,0x000000076b500000)
  to   space 1536K, 0% used [0x000000076b200000,0x000000076b200000,0x000000076b380000)
 ParOldGen       total 260608K, used 1301K [0x00000006c0000000, 0x00000006cfe80000, 0x000000076ab00000)
  object space 260608K, 0% used [0x00000006c0000000,0x00000006c0145718,0x00000006cfe80000)
 Metaspace       used 6147K, capacity 6390K, committed 6656K, reserved 1056768K
  class space    used 622K, capacity 656K, committed 768K, reserved 1048576K
}
Event: 2.867 GC heap before
{Heap before GC invocations=9 (full 0):
 PSYoungGen      total 8704K, used 8118K [0x000000076ab00000, 0x000000076b500000, 0x00000007c0000000)
  eden space 7168K, 100% used [0x000000076ab00000,0x000000076b200000,0x000000076b200000)
  from space 1536K, 61% used [0x000000076b380000,0x000000076b46da60,0x000000076b500000)
  to   space 1536K, 0% used [0x000000076b200000,0x000000076b200000,0x000000076b380000)
 ParOldGen       total 260608K, used 1301K [0x00000006c0000000, 0x00000006cfe80000, 0x000000076ab00000)
  object space 260608K, 0% used [0x00000006c0000000,0x00000006c0145718,0x00000006cfe80000)
 Metaspace       used 6955K, capacity 7062K, committed 7168K, reserved 1056768K
  class space    used 731K, capacity 752K, committed 768K, reserved 1048576K
Event: 2.868 GC heap after
Heap after GC invocations=9 (full 0):
 PSYoungGen      total 8704K, used 1282K [0x000000076ab00000, 0x000000076b980000, 0x00000007c0000000)
  eden space 7168K, 0% used [0x000000076ab00000,0x000000076ab00000,0x000000076b200000)
  from space 1536K, 83% used [0x000000076b200000,0x000000076b340910,0x000000076b380000)
  to   space 1536K, 0% used [0x000000076b800000,0x000000076b800000,0x000000076b980000)
 ParOldGen       total 260608K, used 1565K [0x00000006c0000000, 0x00000006cfe80000, 0x000000076ab00000)
  object space 260608K, 0% used [0x00000006c0000000,0x00000006c0187768,0x00000006cfe80000)
 Metaspace       used 6955K, capacity 7062K, committed 7168K, reserved 1056768K
  class space    used 731K, capacity 752K, committed 768K, reserved 1048576K
}
Event: 2.942 GC heap before
{Heap before GC invocations=10 (full 0):
 PSYoungGen      total 8704K, used 8450K [0x000000076ab00000, 0x000000076b980000, 0x00000007c0000000)
  eden space 7168K, 100% used [0x000000076ab00000,0x000000076b200000,0x000000076b200000)
  from space 1536K, 83% used [0x000000076b200000,0x000000076b340910,0x000000076b380000)
  to   space 1536K, 0% used [0x000000076b800000,0x000000076b800000,0x000000076b980000)
 ParOldGen       total 260608K, used 1565K [0x00000006c0000000, 0x00000006cfe80000, 0x000000076ab00000)
  object space 260608K, 0% used [0x00000006c0000000,0x00000006c0187768,0x00000006cfe80000)
 Metaspace       used 7778K, capacity 7910K, committed 8064K, reserved 1056768K
  class space    used 851K, capacity 880K, committed 896K, reserved 1048576K
Event: 2.943 GC heap after
Heap after GC invocations=10 (full 0):
 PSYoungGen      total 13312K, used 967K [0x000000076ab00000, 0x000000076b980000, 0x00000007c0000000)
  eden space 11776K, 0% used [0x000000076ab00000,0x000000076ab00000,0x000000076b680000)
  from space 1536K, 63% used [0x000000076b800000,0x000000076b8f1fc8,0x000000076b980000)
  to   space 1536K, 0% used [0x000000076b680000,0x000000076b680000,0x000000076b800000)
 ParOldGen       total 260608K, used 1869K [0x00000006c0000000, 0x00000006cfe80000, 0x000000076ab00000)
  object space 260608K, 0% used [0x00000006c0000000,0x00000006c01d3540,0x00000006cfe80000)
 Metaspace       used 7778K, capacity 7910K, committed 8064K, reserved 1056768K
  class space    used 851K, capacity 880K, committed 896K, reserved 1048576K
}
Event: 3.065 GC heap before
{Heap before GC invocations=11 (full 0):
 PSYoungGen      total 13312K, used 12743K [0x000000076ab00000, 0x000000076b980000, 0x00000007c0000000)
  eden space 11776K, 100% used [0x000000076ab00000,0x000000076b680000,0x000000076b680000)
  from space 1536K, 63% used [0x000000076b800000,0x000000076b8f1fc8,0x000000076b980000)
  to   space 1536K, 0% used [0x000000076b680000,0x000000076b680000,0x000000076b800000)
 ParOldGen       total 260608K, used 1869K [0x00000006c0000000, 0x00000006cfe80000, 0x000000076ab00000)
  object space 260608K, 0% used [0x00000006c0000000,0x00000006c01d3540,0x00000006cfe80000)
 Metaspace       used 8992K, capacity 9106K, committed 9344K, reserved 1056768K
  class space    used 1002K, capacity 1042K, committed 1152K, reserved 1048576K
Event: 3.067 GC heap after
Heap after GC invocations=11 (full 0):
 PSYoungGen      total 13312K, used 1469K [0x000000076ab00000, 0x000000076c180000, 0x00000007c0000000)
  eden space 11776K, 0% used [0x000000076ab00000,0x000000076ab00000,0x000000076b680000)
  from space 1536K, 95% used [0x000000076b680000,0x000000076b7ef5a0,0x000000076b800000)
  to   space 2048K, 0% used [0x000000076bf80000,0x000000076bf80000,0x000000076c180000)
 ParOldGen       total 260608K, used 2211K [0x00000006c0000000, 0x00000006cfe80000, 0x000000076ab00000)
  object space 260608K, 0% used [0x00000006c0000000,0x00000006c0228dd0,0x00000006cfe80000)
 Metaspace       used 8992K, capacity 9106K, committed 9344K, reserved 1056768K
  class space    used 1002K, capacity 1042K, committed 1152K, reserved 1048576K
}
Event: 3.220 GC heap before
{Heap before GC invocations=12 (full 0):
 PSYoungGen      total 13312K, used 13245K [0x000000076ab00000, 0x000000076c180000, 0x00000007c0000000)
  eden space 11776K, 100% used [0x000000076ab00000,0x000000076b680000,0x000000076b680000)
  from space 1536K, 95% used [0x000000076b680000,0x000000076b7ef5a0,0x000000076b800000)
  to   space 2048K, 0% used [0x000000076bf80000,0x000000076bf80000,0x000000076c180000)
 ParOldGen       total 260608K, used 2211K [0x00000006c0000000, 0x00000006cfe80000, 0x000000076ab00000)
  object space 260608K, 0% used [0x00000006c0000000,0x00000006c0228dd0,0x00000006cfe80000)
 Metaspace       used 10465K, capacity 10546K, committed 10752K, reserved 1058816K
  class space    used 1190K, capacity 1202K, committed 1280K, reserved 1048576K
Event: 3.221 GC heap after
Heap after GC invocations=12 (full 0):
 PSYoungGen      total 20992K, used 1454K [0x000000076ab00000, 0x000000076c180000, 0x00000007c0000000)
  eden space 18944K, 0% used [0x000000076ab00000,0x000000076ab00000,0x000000076bd80000)
  from space 2048K, 71% used [0x000000076bf80000,0x000000076c0ebb28,0x000000076c180000)
  to   space 2048K, 0% used [0x000000076bd80000,0x000000076bd80000,0x000000076bf80000)
 ParOldGen       total 260608K, used 2541K [0x00000006c0000000, 0x00000006cfe80000, 0x000000076ab00000)
  object space 260608K, 0% used [0x00000006c0000000,0x00000006c027b610,0x00000006cfe80000)
 Metaspace       used 10465K, capacity 10546K, committed 10752K, reserved 1058816K
  class space    used 1190K, capacity 1202K, committed 1280K, reserved 1048576K
}

