# JRE version: Java(TM) SE Runtime Environment (7.0_45-b18) (build 1.7.0_45-b18)
# Java VM: Java HotSpot(TM) 64-Bit Server VM (24.45-b08 mixed mode bsd-amd64 compressed oops)
Heap
 PSYoungGen      total 774144K, used 488526K [0x00000007aaa80000, 0x00000007fc380000, 0x0000000800000000)
  eden space 773632K, 63% used [0x00000007aaa80000,0x00000007c877b958,0x00000007d9e00000)
  from space 512K, 18% used [0x00000007fc300000,0x00000007fc318000,0x00000007fc380000)
  to   space 63488K, 0% used [0x00000007f4780000,0x00000007f4780000,0x00000007f8580000)
 ParOldGen       total 174592K, used 105742K [0x0000000700000000, 0x000000070aa80000, 0x00000007aaa80000)
  object space 174592K, 60% used [0x0000000700000000,0x00000007067439f0,0x000000070aa80000)
 PSPermGen       total 21504K, used 15921K [0x00000006fae00000, 0x00000006fc300000, 0x0000000700000000)
  object space 21504K, 74% used [0x00000006fae00000,0x00000006fbd8c550,0x00000006fc300000)
GC Heap History (10 events):
Event: 8.812 GC heap before
{Heap before GC invocations=8 (full 0):
 PSYoungGen      total 294400K, used 294368K [0x00000007aaa80000, 0x00000007d0d80000, 0x0000000800000000)
  eden space 260096K, 100% used [0x00000007aaa80000,0x00000007ba880000,0x00000007ba880000)
  from space 34304K, 99% used [0x00000007ba880000,0x00000007bc9f8020,0x00000007bca00000)
  to   space 52736K, 0% used [0x00000007cda00000,0x00000007cda00000,0x00000007d0d80000)
 ParOldGen       total 174592K, used 57498K [0x0000000700000000, 0x000000070aa80000, 0x00000007aaa80000)
  object space 174592K, 32% used [0x0000000700000000,0x00000007038268c0,0x000000070aa80000)
 PSPermGen       total 21504K, used 15172K [0x00000006fae00000, 0x00000006fc300000, 0x0000000700000000)
  object space 21504K, 70% used [0x00000006fae00000,0x00000006fbcd12f0,0x00000006fc300000)
Event: 8.849 GC heap after
Heap after GC invocations=8 (full 0):
 PSYoungGen      total 559616K, used 52704K [0x00000007aaa80000, 0x00000007d2780000, 0x0000000800000000)
  eden space 506880K, 0% used [0x00000007aaa80000,0x00000007aaa80000,0x00000007c9980000)
  from space 52736K, 99% used [0x00000007cda00000,0x00000007d0d78020,0x00000007d0d80000)
  to   space 66048K, 0% used [0x00000007c9980000,0x00000007c9980000,0x00000007cda00000)
 ParOldGen       total 174592K, used 67458K [0x0000000700000000, 0x000000070aa80000, 0x00000007aaa80000)
  object space 174592K, 38% used [0x0000000700000000,0x00000007041e08c0,0x000000070aa80000)
 PSPermGen       total 21504K, used 15172K [0x00000006fae00000, 0x00000006fc300000, 0x0000000700000000)
  object space 21504K, 70% used [0x00000006fae00000,0x00000006fbcd12f0,0x00000006fc300000)
}
Event: 391.113 GC heap before
{Heap before GC invocations=9 (full 0):
 PSYoungGen      total 559616K, used 559584K [0x00000007aaa80000, 0x00000007d2780000, 0x0000000800000000)
  eden space 506880K, 100% used [0x00000007aaa80000,0x00000007c9980000,0x00000007c9980000)
  from space 52736K, 99% used [0x00000007cda00000,0x00000007d0d78020,0x00000007d0d80000)
  to   space 66048K, 0% used [0x00000007c9980000,0x00000007c9980000,0x00000007cda00000)
 ParOldGen       total 174592K, used 67458K [0x0000000700000000, 0x000000070aa80000, 0x00000007aaa80000)
  object space 174592K, 38% used [0x0000000700000000,0x00000007041e08c0,0x000000070aa80000)
 PSPermGen       total 21504K, used 15913K [0x00000006fae00000, 0x00000006fc300000, 0x0000000700000000)
  object space 21504K, 74% used [0x00000006fae00000,0x00000006fbd8a638,0x00000006fc300000)
Event: 391.142 GC heap after
Heap after GC invocations=9 (full 0):
 PSYoungGen      total 572928K, used 31730K [0x00000007aaa80000, 0x00000007e3d80000, 0x0000000800000000)
  eden space 506880K, 0% used [0x00000007aaa80000,0x00000007aaa80000,0x00000007c9980000)
  from space 66048K, 48% used [0x00000007c9980000,0x00000007cb87c948,0x00000007cda00000)
  to   space 62976K, 0% used [0x00000007e0000000,0x00000007e0000000,0x00000007e3d80000)
 ParOldGen       total 174592K, used 74314K [0x0000000700000000, 0x000000070aa80000, 0x00000007aaa80000)
  object space 174592K, 42% used [0x0000000700000000,0x00000007048928c0,0x000000070aa80000)
 PSPermGen       total 21504K, used 15913K [0x00000006fae00000, 0x00000006fc300000, 0x0000000700000000)
  object space 21504K, 74% used [0x00000006fae00000,0x00000006fbd8a638,0x00000006fc300000)
}
Event: 2750.735 GC heap before
{Heap before GC invocations=10 (full 0):
 PSYoungGen      total 572928K, used 538610K [0x00000007aaa80000, 0x00000007e3d80000, 0x0000000800000000)
  eden space 506880K, 100% used [0x00000007aaa80000,0x00000007c9980000,0x00000007c9980000)
  from space 66048K, 48% used [0x00000007c9980000,0x00000007cb87c948,0x00000007cda00000)
  to   space 62976K, 0% used [0x00000007e0000000,0x00000007e0000000,0x00000007e3d80000)
 ParOldGen       total 174592K, used 74314K [0x0000000700000000, 0x000000070aa80000, 0x00000007aaa80000)
  object space 174592K, 42% used [0x0000000700000000,0x00000007048928c0,0x000000070aa80000)
 PSPermGen       total 21504K, used 15914K [0x00000006fae00000, 0x00000006fc300000, 0x0000000700000000)
  object space 21504K, 74% used [0x00000006fae00000,0x00000006fbd8a858,0x00000006fc300000)
Event: 2750.754 GC heap after
Heap after GC invocations=10 (full 0):
 PSYoungGen      total 868864K, used 31420K [0x00000007aaa80000, 0x00000007e3880000, 0x0000000800000000)
  eden space 811008K, 0% used [0x00000007aaa80000,0x00000007aaa80000,0x00000007dc280000)
  from space 57856K, 54% used [0x00000007e0000000,0x00000007e1eaf130,0x00000007e3880000)
  to   space 60416K, 0% used [0x00000007dc280000,0x00000007dc280000,0x00000007dfd80000)
 ParOldGen       total 174592K, used 74322K [0x0000000700000000, 0x000000070aa80000, 0x00000007aaa80000)
  object space 174592K, 42% used [0x0000000700000000,0x00000007048948c0,0x000000070aa80000)
 PSPermGen       total 21504K, used 15914K [0x00000006fae00000, 0x00000006fc300000, 0x0000000700000000)
  object space 21504K, 74% used [0x00000006fae00000,0x00000006fbd8a858,0x00000006fc300000)
}
Event: 45594.594 GC heap before
{Heap before GC invocations=11 (full 0):
 PSYoungGen      total 868864K, used 842428K [0x00000007aaa80000, 0x00000007e3880000, 0x0000000800000000)
  eden space 811008K, 100% used [0x00000007aaa80000,0x00000007dc280000,0x00000007dc280000)
  from space 57856K, 54% used [0x00000007e0000000,0x00000007e1eaf130,0x00000007e3880000)
  to   space 60416K, 0% used [0x00000007dc280000,0x00000007dc280000,0x00000007dfd80000)
 ParOldGen       total 174592K, used 74322K [0x0000000700000000, 0x000000070aa80000, 0x00000007aaa80000)
  object space 174592K, 42% used [0x0000000700000000,0x00000007048948c0,0x000000070aa80000)
 PSPermGen       total 21504K, used 15914K [0x00000006fae00000, 0x00000006fc300000, 0x0000000700000000)
  object space 21504K, 74% used [0x00000006fae00000,0x00000006fbd8a910,0x00000006fc300000)
Event: 45594.616 GC heap after
Heap after GC invocations=11 (full 0):
 PSYoungGen      total 871424K, used 64K [0x00000007aaa80000, 0x0000000800000000, 0x0000000800000000)
  eden space 811008K, 0% used [0x00000007aaa80000,0x00000007aaa80000,0x00000007dc280000)
  from space 60416K, 0% used [0x00000007dc280000,0x00000007dc290000,0x00000007dfd80000)
  to   space 62464K, 0% used [0x00000007fc300000,0x00000007fc300000,0x0000000800000000)
 ParOldGen       total 174592K, used 105742K [0x0000000700000000, 0x000000070aa80000, 0x00000007aaa80000)
  object space 174592K, 60% used [0x0000000700000000,0x00000007067439f0,0x000000070aa80000)
 PSPermGen       total 21504K, used 15914K [0x00000006fae00000, 0x00000006fc300000, 0x0000000700000000)
  object space 21504K, 74% used [0x00000006fae00000,0x00000006fbd8a910,0x00000006fc300000)
}
Event: 49301.184 GC heap before
{Heap before GC invocations=12 (full 0):
 PSYoungGen      total 871424K, used 811072K [0x00000007aaa80000, 0x0000000800000000, 0x0000000800000000)
  eden space 811008K, 100% used [0x00000007aaa80000,0x00000007dc280000,0x00000007dc280000)
  from space 60416K, 0% used [0x00000007dc280000,0x00000007dc290000,0x00000007dfd80000)
  to   space 62464K, 0% used [0x00000007fc300000,0x00000007fc300000,0x0000000800000000)
 ParOldGen       total 174592K, used 105742K [0x0000000700000000, 0x000000070aa80000, 0x00000007aaa80000)
  object space 174592K, 60% used [0x0000000700000000,0x00000007067439f0,0x000000070aa80000)
 PSPermGen       total 21504K, used 15914K [0x00000006fae00000, 0x00000006fc300000, 0x0000000700000000)
  object space 21504K, 74% used [0x00000006fae00000,0x00000006fbd8a910,0x00000006fc300000)
Event: 49301.185 GC heap after
Heap after GC invocations=12 (full 0):
 PSYoungGen      total 774144K, used 96K [0x00000007aaa80000, 0x00000007fc380000, 0x0000000800000000)
  eden space 773632K, 0% used [0x00000007aaa80000,0x00000007aaa80000,0x00000007d9e00000)
  from space 512K, 18% used [0x00000007fc300000,0x00000007fc318000,0x00000007fc380000)
  to   space 63488K, 0% used [0x00000007f4780000,0x00000007f4780000,0x00000007f8580000)
 ParOldGen       total 174592K, used 105742K [0x0000000700000000, 0x000000070aa80000, 0x00000007aaa80000)
  object space 174592K, 60% used [0x0000000700000000,0x00000007067439f0,0x000000070aa80000)
 PSPermGen       total 21504K, used 15914K [0x00000006fae00000, 0x00000006fc300000, 0x0000000700000000)
  object space 21504K, 74% used [0x00000006fae00000,0x00000006fbd8a910,0x00000006fc300000)
}

